<?xml version="1.0" encoding="UTF-8"?>
<!-- Generated by org.testng.reporters.JUnitReportReporter -->
<testsuite hostname="vipul" failures="0" tests="4" name="com.stock.qa.testcases.AddSiteTest" time="69.796" errors="0" timestamp="2020-02-27T15:34:44 IST" skipped="0">
  <testcase classname="com.stock.qa.testcases.AddSiteTest" name="Verify_AddSitetitleName_Test" time="16.170"/>
  <testcase classname="com.stock.qa.testcases.AddSiteTest" name="Verify_AddsiteFunctionality_Test" time="15.307"/>
  <testcase classname="com.stock.qa.testcases.AddSiteTest" name="Verify_AddsiteFunctionality_Test" time="25.145"/>
  <testcase classname="com.stock.qa.testcases.AddSiteTest" name="Verify_AddsiteFunctionality_Test" time="13.174"/>
</testsuite> <!-- com.stock.qa.testcases.AddSiteTest -->
