<?xml version="1.0" encoding="UTF-8"?>
<!-- Generated by org.testng.reporters.JUnitReportReporter -->
<testsuite hostname="vipul" failures="0" tests="1" name="com.stock.qa.pages.SiteEstimate" time="0.248" errors="0" timestamp="2020-02-26T13:33:06 IST" skipped="0">
  <testcase classname="com.stock.qa.pages.SiteEstimate" name="SiteEstimateList" time="0.248"/>
</testsuite> <!-- com.stock.qa.pages.SiteEstimate -->
