<?xml version="1.0" encoding="UTF-8"?>
<!-- Generated by org.testng.reporters.JUnitReportReporter -->
<testsuite hostname="vipul" failures="0" tests="4" name="com.stock.qa.testcases.SiteEstimateTest" time="14.727" errors="0" timestamp="2020-03-02T14:46:33 IST" skipped="0">
  <testcase classname="com.stock.qa.testcases.SiteEstimateTest" name="verify_SiteEstimateTitle" time="6.644"/>
  <testcase classname="com.stock.qa.testcases.SiteEstimateTest" name="Verify_SiteEstimate_Functionality_Test" time="2.545"/>
  <testcase classname="com.stock.qa.testcases.SiteEstimateTest" name="Verify_SiteEstimate_Functionality_Test" time="2.614"/>
  <testcase classname="com.stock.qa.testcases.SiteEstimateTest" name="Verify_SiteEstimate_Functionality_Test" time="2.924"/>
</testsuite> <!-- com.stock.qa.testcases.SiteEstimateTest -->
