<?xml version="1.0" encoding="UTF-8"?>
<!-- Generated by org.testng.reporters.JUnitReportReporter -->
<testsuite hostname="vipul" failures="0" tests="2" name="com.stock.qa.testcases.AddSuppliersTest" time="31.331" errors="0" timestamp="2020-02-28T13:24:50 IST" skipped="0">
  <testcase classname="com.stock.qa.testcases.AddSuppliersTest" name="Verify_AddproducttitleName_Test" time="16.926"/>
  <testcase classname="com.stock.qa.testcases.AddSuppliersTest" name="Verify_Addsupplier_Functionality_Test" time="14.405"/>
</testsuite> <!-- com.stock.qa.testcases.AddSuppliersTest -->
