<?xml version="1.0" encoding="UTF-8"?>
<!-- Generated by org.testng.reporters.JUnitReportReporter -->
<testsuite hostname="vipul" failures="0" tests="7" name="com.stock.qa.testcases.HomePageTest" time="61.397" errors="0" timestamp="2020-02-26T15:04:06 IST" skipped="0">
  <testcase classname="com.stock.qa.testcases.HomePageTest" name="Verify_SiteEstimateLink_Test" time="7.757"/>
  <testcase classname="com.stock.qa.testcases.HomePageTest" name="Verify_HomePageTitle_Test" time="8.424"/>
  <testcase classname="com.stock.qa.testcases.HomePageTest" name="Verify_CorrectCompanyLogo_Test" time="8.575"/>
  <testcase classname="com.stock.qa.testcases.HomePageTest" name="Verify_DispatchMaterialLink_Test" time="9.871"/>
  <testcase classname="com.stock.qa.testcases.HomePageTest" name="Verify_ReturnMaterialLink_Test" time="10.657"/>
  <testcase classname="com.stock.qa.testcases.HomePageTest" name="Verify_SettingsLink_Test" time="8.909"/>
  <testcase classname="com.stock.qa.testcases.HomePageTest" name="Verify_LogoutBtn_Test" time="7.204"/>
</testsuite> <!-- com.stock.qa.testcases.HomePageTest -->
