<?xml version="1.0" encoding="UTF-8"?>
<!-- Generated by org.testng.reporters.JUnitReportReporter -->
<testsuite hostname="vipul" failures="0" tests="2" name="com.stock.qa.testcases.AddSupervisorTest" time="21.450" errors="0" timestamp="2020-02-28T13:24:50 IST" skipped="0">
  <testcase classname="com.stock.qa.testcases.AddSupervisorTest" name="Verify_AddSupervisorTitleName_Test" time="9.854"/>
  <testcase classname="com.stock.qa.testcases.AddSupervisorTest" name="Verify_AddSupervisorFunctionality_Test" time="11.596"/>
</testsuite> <!-- com.stock.qa.testcases.AddSupervisorTest -->
