<?xml version="1.0" encoding="UTF-8"?>
<!-- Generated by org.testng.reporters.JUnitReportReporter -->
<testsuite hostname="vipul" failures="0" tests="2" name="com.stock.qa.testcases.PurchaseMaterialTest" time="38.483" errors="0" timestamp="2020-02-28T14:19:47 IST" skipped="0">
  <testcase classname="com.stock.qa.testcases.PurchaseMaterialTest" name="Verify_Purchasematerial_functionality_Test" time="21.223"/>
  <testcase classname="com.stock.qa.testcases.PurchaseMaterialTest" name="Verify_Purchasematerial_Titlename_Test" time="17.260"/>
</testsuite> <!-- com.stock.qa.testcases.PurchaseMaterialTest -->
